------------------------------------------------------------------------------------------------------------------------

[2026-02-27 22:07:10 #1 store] 
Database 'C:\Users\usuario\Desktop\ingenieria de software\Nueva carpeta\Proy_Iteracion1\Market26\src\main\resources\products.temp' is opened by 17564@MININT-01SALKA

[2026-02-27 22:07:10 #2 type] 
Type domain.Seller is not enhanced.

[2026-02-27 22:07:10 #3 type] 
Type domain.Sale is not enhanced.

[2026-02-27 22:07:10 #4 type] 
Type domain.Buyer is not enhanced.

------------------------------------------------------------------------------------------------------------------------

[2026-02-27 22:19:13 #1 store] 
Database 'C:\Users\usuario\Desktop\ingenieria de software\Nueva carpeta\Proy_Iteracion1\Market26\src\main\resources\products.temp' has been recovered (tr. 12-12)

[2026-02-27 22:19:13 #2 store] 
Database 'C:\Users\usuario\Desktop\ingenieria de software\Nueva carpeta\Proy_Iteracion1\Market26\src\main\resources\products.temp' is opened by 2772@MININT-01SALKA

[2026-02-27 22:19:13 #3 type] 
Type domain.Seller is not enhanced.

[2026-02-27 22:19:13 #4 type] 
Type domain.Sale is not enhanced.

[2026-02-27 22:19:13 #5 type] 
Type domain.Buyer is not enhanced.

------------------------------------------------------------------------------------------------------------------------

[2026-02-27 23:14:39 #1 store] 
Database 'C:\Users\usuario\Desktop\ingenieria de software\Nueva carpeta\Proy_Iteracion1\Market26\src\main\resources\products.temp' is opened by 30276@MININT-01SALKA

[2026-02-27 23:14:39 #2 type] 
Type domain.Seller is not enhanced.

[2026-02-27 23:14:39 #3 type] 
Type domain.Sale is not enhanced.

[2026-02-27 23:14:39 #4 type] 
Type domain.Buyer is not enhanced.

------------------------------------------------------------------------------------------------------------------------

[2026-02-27 23:16:35 #1 store] 
Database 'C:\Users\usuario\Desktop\ingenieria de software\Nueva carpeta\Proy_Iteracion1\Market26\src\main\resources\products.temp' is opened by 3100@MININT-01SALKA

[2026-02-27 23:16:35 #2 type] 
Type domain.Seller is not enhanced.

[2026-02-27 23:16:35 #3 type] 
Type domain.Sale is not enhanced.

[2026-02-27 23:16:35 #4 type] 
Type domain.Buyer is not enhanced.

------------------------------------------------------------------------------------------------------------------------

[2026-02-27 23:21:22 #1 store] 
Database 'C:\Users\usuario\Desktop\ingenieria de software\Nueva carpeta\Proy_Iteracion1\Market26\src\main\resources\products.temp' is opened by 31896@MININT-01SALKA

[2026-02-27 23:21:22 #2 type] 
Type domain.Seller is not enhanced.

[2026-02-27 23:21:22 #3 type] 
Type domain.Sale is not enhanced.

[2026-02-27 23:21:22 #4 type] 
Type domain.Buyer is not enhanced.

------------------------------------------------------------------------------------------------------------------------

[2026-02-27 23:22:03 #1 store] 
Database 'C:\Users\usuario\Desktop\ingenieria de software\Nueva carpeta\Proy_Iteracion1\Market26\src\main\resources\products.temp' is opened by 16400@MININT-01SALKA

[2026-02-27 23:22:03 #2 type] 
Type domain.Seller is not enhanced.

[2026-02-27 23:22:03 #3 type] 
Type domain.Sale is not enhanced.

[2026-02-27 23:22:03 #4 type] 
Type domain.Buyer is not enhanced.

