------------------------------------------------------------------------------------------------------------------------

[2026-02-28 00:52:55 #1 store] 
Database 'C:\Users\usuario\Desktop\ingenieria de software\Nueva carpeta\Proy_Iteracion1\Market26\src\main\resources\products.temp' is opened by 11008@MININT-01SALKA

[2026-02-28 00:52:55 #2 type] 
Type domain.Seller is not enhanced.

[2026-02-28 00:52:55 #3 type] 
Type domain.Sale is not enhanced.

[2026-02-28 00:52:55 #4 type.registry] 
New type domain.CounterOffer

[2026-02-28 00:52:55 #5 type] 
Type domain.Buyer is not enhanced.

[2026-02-28 00:52:55 #6 type] 
Type domain.CounterOffer is not enhanced.

[2026-02-28 00:53:15 #7 type.registry] 
New type java.util.ArrayList<domain.CounterOffer>

[2026-02-28 00:53:15 #8 type.registry] 
New type com.objectdb.o.LMT

[2026-02-28 00:53:15 #9 type.registry] 
New type com.objectdb.o.VAL

[2026-02-28 00:53:15 #10 type.registry] 
New type com.objectdb.o.RFV

------------------------------------------------------------------------------------------------------------------------

[2026-02-28 01:02:09 #1 store] 
Database 'C:\Users\usuario\Desktop\ingenieria de software\Nueva carpeta\Proy_Iteracion1\Market26\src\main\resources\products.temp' has been recovered (tr. 13-16)

[2026-02-28 01:02:09 #2 store] 
Database 'C:\Users\usuario\Desktop\ingenieria de software\Nueva carpeta\Proy_Iteracion1\Market26\src\main\resources\products.temp' is opened by 32524@MININT-01SALKA

[2026-02-28 01:02:10 #3 type] 
Type domain.Seller is not enhanced.

[2026-02-28 01:02:10 #4 type] 
Type domain.Sale is not enhanced.

[2026-02-28 01:02:10 #5 type] 
Type domain.Buyer is not enhanced.

[2026-02-28 01:02:10 #6 type] 
Type domain.CounterOffer is not enhanced.

