------------------------------------------------------------------------------------------------------------------------

[2026-02-22 14:23:55 #1 store] 
Database 'C:\Users\Arman\Desktop\sofware_Ing\proyecto\Market26\Market26\src\main\resources\products.temp' is opened by 11016@DESKTOP-OVA3NS1

[2026-02-22 14:23:55 #2 type.registry] 
New type domain.Seller

[2026-02-22 14:23:55 #3 type] 
Type domain.Seller is not enhanced.

[2026-02-22 14:23:55 #4 type.registry] 
New type domain.Sale

[2026-02-22 14:23:55 #5 type] 
Type domain.Sale is not enhanced.

[2026-02-22 14:23:55 #6 type.registry] 
New type domain.Buyer

[2026-02-22 14:23:55 #7 type] 
Type domain.Buyer is not enhanced.

[2026-02-22 14:23:55 #8 type.registry] 
New type java.util.ArrayList<java.lang.Object>

[2026-02-22 14:23:55 #9 type.registry] 
New type java.util.ArrayList<domain.Sale>

------------------------------------------------------------------------------------------------------------------------

[2026-02-22 14:31:34 #1 store] 
Database 'C:\Users\Arman\Desktop\sofware_Ing\proyecto\Market26\Market26\src\main\resources\products.temp' is opened by 5556@DESKTOP-OVA3NS1

[2026-02-22 14:31:34 #2 type.registry] 
New type domain.Seller

[2026-02-22 14:31:34 #3 type] 
Type domain.Seller is not enhanced.

[2026-02-22 14:31:34 #4 type.registry] 
New type domain.Sale

[2026-02-22 14:31:34 #5 type] 
Type domain.Sale is not enhanced.

[2026-02-22 14:31:34 #6 type.registry] 
New type domain.Buyer

[2026-02-22 14:31:34 #7 type] 
Type domain.Buyer is not enhanced.

[2026-02-22 14:31:34 #8 type.registry] 
New type java.util.ArrayList<java.lang.Object>

[2026-02-22 14:31:34 #9 type.registry] 
New type java.util.ArrayList<domain.Sale>

------------------------------------------------------------------------------------------------------------------------

[2026-02-22 14:40:46 #1 store] 
Database 'C:\Users\Arman\Desktop\sofware_Ing\proyecto\Market26\Market26\src\main\resources\products.temp' is opened by 15320@DESKTOP-OVA3NS1

[2026-02-22 14:40:46 #2 type.registry] 
New type domain.Seller

[2026-02-22 14:40:46 #3 type] 
Type domain.Seller is not enhanced.

[2026-02-22 14:40:46 #4 type.registry] 
New type domain.Sale

[2026-02-22 14:40:46 #5 type] 
Type domain.Sale is not enhanced.

[2026-02-22 14:40:46 #6 type.registry] 
New type domain.Buyer

[2026-02-22 14:40:46 #7 type] 
Type domain.Buyer is not enhanced.

[2026-02-22 14:40:46 #8 type.registry] 
New type java.util.ArrayList<java.lang.Object>

[2026-02-22 14:40:46 #9 type.registry] 
New type java.util.ArrayList<domain.Sale>

------------------------------------------------------------------------------------------------------------------------

[2026-02-22 15:03:18 #1 store] 
Database 'C:\Users\Arman\Desktop\sofware_Ing\proyecto\Market26\Market26\src\main\resources\products.temp' is opened by 3252@DESKTOP-OVA3NS1

[2026-02-22 15:03:18 #2 type.registry] 
New type domain.Seller

[2026-02-22 15:03:18 #3 type] 
Type domain.Seller is not enhanced.

[2026-02-22 15:03:18 #4 type.registry] 
New type domain.Sale

[2026-02-22 15:03:18 #5 type] 
Type domain.Sale is not enhanced.

[2026-02-22 15:03:18 #6 type.registry] 
New type domain.Buyer

[2026-02-22 15:03:18 #7 type] 
Type domain.Buyer is not enhanced.

[2026-02-22 15:03:18 #8 type.registry] 
New type java.util.ArrayList<java.lang.Object>

[2026-02-22 15:03:18 #9 type.registry] 
New type java.util.ArrayList<domain.Sale>

------------------------------------------------------------------------------------------------------------------------

[2026-02-22 15:12:13 #1 store] 
Database 'C:\Users\Arman\Desktop\sofware_Ing\proyecto\Market26\Market26\src\main\resources\products.temp' is opened by 856@DESKTOP-OVA3NS1

[2026-02-22 15:12:13 #2 type.registry] 
New type domain.Seller

[2026-02-22 15:12:13 #3 type] 
Type domain.Seller is not enhanced.

[2026-02-22 15:12:13 #4 type.registry] 
New type domain.Sale

[2026-02-22 15:12:13 #5 type] 
Type domain.Sale is not enhanced.

[2026-02-22 15:12:13 #6 type.registry] 
New type domain.Buyer

[2026-02-22 15:12:13 #7 type] 
Type domain.Buyer is not enhanced.

[2026-02-22 15:12:13 #8 type.registry] 
New type java.util.ArrayList<java.lang.Object>

[2026-02-22 15:12:13 #9 type.registry] 
New type java.util.ArrayList<domain.Sale>

------------------------------------------------------------------------------------------------------------------------

[2026-02-22 15:38:40 #1 store] 
Database 'C:\Users\Arman\Desktop\sofware_Ing\proyecto\Market26\Market26\src\main\resources\products.temp' has been recovered (tr. 1-9)

[2026-02-22 15:38:40 #2 store] 
Database 'C:\Users\Arman\Desktop\sofware_Ing\proyecto\Market26\Market26\src\main\resources\products.temp' is opened by 7012@DESKTOP-OVA3NS1

[2026-02-22 15:38:40 #3 type] 
Type domain.Seller is not enhanced.

[2026-02-22 15:38:40 #4 type] 
Type domain.Sale is not enhanced.

[2026-02-22 15:38:40 #5 type] 
Type domain.Buyer is not enhanced.

------------------------------------------------------------------------------------------------------------------------

[2026-02-22 15:47:55 #1 store] 
Database 'C:\Users\Arman\Desktop\sofware_Ing\proyecto\Market26\Market26\src\main\resources\products.temp' has been recovered (tr. 10-10)

[2026-02-22 15:47:55 #2 store] 
Database 'C:\Users\Arman\Desktop\sofware_Ing\proyecto\Market26\Market26\src\main\resources\products.temp' is opened by 12000@DESKTOP-OVA3NS1

[2026-02-22 15:47:55 #3 type] 
Type domain.Seller is not enhanced.

[2026-02-22 15:47:55 #4 type] 
Type domain.Sale is not enhanced.

[2026-02-22 15:47:55 #5 type] 
Type domain.Buyer is not enhanced.

------------------------------------------------------------------------------------------------------------------------

[2026-02-22 15:53:53 #1 store] 
Database 'C:\Users\Arman\Desktop\sofware_Ing\proyecto\Market26\Market26\src\main\resources\products.temp' has been recovered (tr. 11-11)

[2026-02-22 15:53:54 #2 store] 
Database 'C:\Users\Arman\Desktop\sofware_Ing\proyecto\Market26\Market26\src\main\resources\products.temp' is opened by 14028@DESKTOP-OVA3NS1

[2026-02-22 15:53:54 #3 type] 
Type domain.Seller is not enhanced.

[2026-02-22 15:53:54 #4 type] 
Type domain.Sale is not enhanced.

[2026-02-22 15:53:54 #5 type] 
Type domain.Buyer is not enhanced.

------------------------------------------------------------------------------------------------------------------------

[2026-02-22 16:00:09 #1 store] 
Database 'C:\Users\Arman\Desktop\sofware_Ing\proyecto\Market26\Market26\src\main\resources\products.temp' is opened by 11284@DESKTOP-OVA3NS1

[2026-02-22 16:00:09 #2 type] 
Type domain.Seller is not enhanced.

[2026-02-22 16:00:09 #3 type] 
Type domain.Sale is not enhanced.

[2026-02-22 16:00:09 #4 type] 
Type domain.Buyer is not enhanced.

