------------------------------------------------------------------------------------------------------------------------

[2026-05-02 00:21:13 #1 store] 
Database 'C:\Users\usuario\git\market26\Market26\products.temp' is opened by 11940@MININT-01SALKA

[2026-05-02 00:21:13 #2 type] 
Type domain.Seller is not enhanced.

[2026-05-02 00:21:13 #3 type] 
Type domain.Sale is not enhanced.

[2026-05-02 00:21:13 #4 type] 
Type domain.CounterOffer is not enhanced.

[2026-05-02 00:21:13 #5 type] 
Type domain.Buyer is not enhanced.

[2026-05-02 00:21:13 #6 type] 
Type domain.Review is not enhanced.

[2026-05-02 00:21:13 #7 type] 
Type domain.Report is not enhanced.

------------------------------------------------------------------------------------------------------------------------

[2026-05-02 01:15:40 #1 store] 
Database 'C:\Users\usuario\git\market26\Market26\products.temp' has been recovered (tr. 50-50)

[2026-05-02 01:15:40 #2 store] 
Database 'C:\Users\usuario\git\market26\Market26\products.temp' is opened by 14080@MININT-01SALKA

[2026-05-02 01:15:41 #3 type] 
Type domain.Seller is not enhanced.

[2026-05-02 01:15:41 #4 type] 
Type domain.Sale is not enhanced.

[2026-05-02 01:15:41 #5 type.registry] 
New type domain.Shipment

[2026-05-02 01:15:41 #6 type] 
Type domain.CounterOffer is not enhanced.

[2026-05-02 01:15:41 #7 type] 
Type domain.Buyer is not enhanced.

[2026-05-02 01:15:41 #8 type] 
Type domain.Review is not enhanced.

[2026-05-02 01:15:41 #9 type] 
Type domain.Report is not enhanced.

[2026-05-02 01:15:41 #10 type] 
Type domain.Shipment is not enhanced.

------------------------------------------------------------------------------------------------------------------------

[2026-05-02 17:04:42 #1 store] 
Database '/Users/danielvinagresaenz/git/market26/Market26/products.temp' has been recovered (tr. 51-53)

[2026-05-02 17:04:47 #2 store] 
Database '/Users/danielvinagresaenz/git/market26/Market26/products.temp' is opened by 940@MacBook-Pro-de-Daniel.local

[2026-05-02 17:04:47 #3 type] 
Type domain.Seller is not enhanced.

[2026-05-02 17:04:47 #4 type] 
Type domain.Sale is not enhanced.

[2026-05-02 17:04:47 #5 type] 
Type domain.CounterOffer is not enhanced.

[2026-05-02 17:04:47 #6 type] 
Type domain.Buyer is not enhanced.

[2026-05-02 17:04:47 #7 type] 
Type domain.Review is not enhanced.

[2026-05-02 17:04:47 #8 type] 
Type domain.Report is not enhanced.

[2026-05-02 17:04:47 #9 type] 
Type domain.Shipment is not enhanced.

------------------------------------------------------------------------------------------------------------------------

[2026-05-02 17:28:55 #1 store] 
Database '/Users/danielvinagresaenz/git/market26/Market26/products.temp' has been recovered (tr. 54-56)

[2026-05-02 17:29:00 #2 store] 
Database '/Users/danielvinagresaenz/git/market26/Market26/products.temp' is opened by 1412@MacBook-Pro-de-Daniel.local

[2026-05-02 17:29:00 #3 type] 
Type domain.Seller is not enhanced.

[2026-05-02 17:29:00 #4 type] 
Type domain.Sale is not enhanced.

[2026-05-02 17:29:00 #5 type] 
Type domain.CounterOffer is not enhanced.

[2026-05-02 17:29:00 #6 type] 
Type domain.Buyer is not enhanced.

[2026-05-02 17:29:00 #7 type] 
Type domain.Review is not enhanced.

[2026-05-02 17:29:00 #8 type] 
Type domain.Report is not enhanced.

[2026-05-02 17:29:00 #9 type] 
Type domain.Shipment is not enhanced.

------------------------------------------------------------------------------------------------------------------------

[2026-05-02 17:38:43 #1 store] 
Database '/Users/danielvinagresaenz/git/market26/Market26/products.temp' is opened by 1520@MacBook-Pro-de-Daniel.local

[2026-05-02 17:38:43 #2 type] 
Type domain.Seller is not enhanced.

[2026-05-02 17:38:43 #3 type] 
Type domain.Sale is not enhanced.

[2026-05-02 17:38:43 #4 type] 
Type domain.CounterOffer is not enhanced.

[2026-05-02 17:38:43 #5 type] 
Type domain.Buyer is not enhanced.

[2026-05-02 17:38:43 #6 type] 
Type domain.Review is not enhanced.

[2026-05-02 17:38:43 #7 type] 
Type domain.Report is not enhanced.

[2026-05-02 17:38:43 #8 type] 
Type domain.Shipment is not enhanced.

------------------------------------------------------------------------------------------------------------------------

[2026-05-02 17:45:48 #1 store] 
Database '/Users/danielvinagresaenz/git/market26/Market26/products.temp' is opened by 1603@MacBook-Pro-de-Daniel.local

[2026-05-02 17:45:48 #2 type] 
Type domain.Seller is not enhanced.

[2026-05-02 17:45:48 #3 type] 
Type domain.Sale is not enhanced.

[2026-05-02 17:45:48 #4 type] 
Type domain.CounterOffer is not enhanced.

[2026-05-02 17:45:48 #5 type] 
Type domain.Buyer is not enhanced.

[2026-05-02 17:45:48 #6 type] 
Type domain.Review is not enhanced.

[2026-05-02 17:45:48 #7 type] 
Type domain.Report is not enhanced.

[2026-05-02 17:45:48 #8 type] 
Type domain.Shipment is not enhanced.

------------------------------------------------------------------------------------------------------------------------

[2026-05-02 17:46:03 #1 store] 
Database '/Users/danielvinagresaenz/git/market26/Market26/products.temp' is opened by 1606@MacBook-Pro-de-Daniel.local

[2026-05-02 17:46:03 #2 type] 
Type domain.Seller is not enhanced.

[2026-05-02 17:46:03 #3 type] 
Type domain.Sale is not enhanced.

[2026-05-02 17:46:03 #4 type] 
Type domain.CounterOffer is not enhanced.

[2026-05-02 17:46:03 #5 type] 
Type domain.Buyer is not enhanced.

[2026-05-02 17:46:03 #6 type] 
Type domain.Review is not enhanced.

[2026-05-02 17:46:03 #7 type] 
Type domain.Report is not enhanced.

[2026-05-02 17:46:03 #8 type] 
Type domain.Shipment is not enhanced.

------------------------------------------------------------------------------------------------------------------------

[2026-05-02 18:50:34 #1 store] 
Database '/Users/danielvinagresaenz/git/market26/Market26/products.temp' has been recovered (tr. 57-59)

[2026-05-02 18:50:39 #2 store] 
Database '/Users/danielvinagresaenz/git/market26/Market26/products.temp' is opened by 2542@MacBook-Pro-de-Daniel.local

[2026-05-02 18:50:39 #3 type] 
Type domain.Seller is not enhanced.

[2026-05-02 18:50:39 #4 type] 
Type domain.Sale is not enhanced.

[2026-05-02 18:50:39 #5 type] 
Type domain.CounterOffer is not enhanced.

[2026-05-02 18:50:39 #6 type] 
Type domain.Buyer is not enhanced.

[2026-05-02 18:50:39 #7 type] 
Type domain.Review is not enhanced.

[2026-05-02 18:50:39 #8 type] 
Type domain.Report is not enhanced.

[2026-05-02 18:50:40 #9 type] 
Type domain.Shipment is not enhanced.

------------------------------------------------------------------------------------------------------------------------

[2026-05-02 19:05:56 #1 store] 
Database '/Users/danielvinagresaenz/git/market26/Market26/products.temp' has been recovered (tr. 60-61)

[2026-05-02 19:06:01 #2 store] 
Database '/Users/danielvinagresaenz/git/market26/Market26/products.temp' is opened by 2796@MacBook-Pro-de-Daniel.local

[2026-05-02 19:06:01 #3 type] 
Type domain.Seller is not enhanced.

[2026-05-02 19:06:01 #4 type] 
Type domain.Sale is not enhanced.

[2026-05-02 19:06:01 #5 type] 
Type domain.CounterOffer is not enhanced.

[2026-05-02 19:06:01 #6 type] 
Type domain.Buyer is not enhanced.

[2026-05-02 19:06:01 #7 type] 
Type domain.Review is not enhanced.

[2026-05-02 19:06:01 #8 type] 
Type domain.Report is not enhanced.

[2026-05-02 19:06:01 #9 type] 
Type domain.Shipment is not enhanced.

------------------------------------------------------------------------------------------------------------------------

[2026-05-02 19:36:38 #1 store] 
Database '/Users/danielvinagresaenz/git/market26/Market26/products.temp' has been recovered (tr. 62-63)

[2026-05-02 19:36:43 #2 store] 
Database '/Users/danielvinagresaenz/git/market26/Market26/products.temp' is opened by 3154@MacBook-Pro-de-Daniel.local

[2026-05-02 19:36:43 #3 type] 
Type domain.Seller is not enhanced.

[2026-05-02 19:36:43 #4 type] 
Type domain.Sale is not enhanced.

[2026-05-02 19:36:43 #5 type] 
Type domain.CounterOffer is not enhanced.

[2026-05-02 19:36:43 #6 type] 
Type domain.Buyer is not enhanced.

[2026-05-02 19:36:43 #7 type] 
Type domain.Review is not enhanced.

[2026-05-02 19:36:43 #8 type] 
Type domain.Report is not enhanced.

[2026-05-02 19:36:43 #9 type] 
Type domain.Shipment is not enhanced.

------------------------------------------------------------------------------------------------------------------------

[2026-05-02 19:43:57 #1 store] 
Database '/Users/danielvinagresaenz/git/market26/Market26/products.temp' is opened by 3232@MacBook-Pro-de-Daniel.local

[2026-05-02 19:43:57 #2 type] 
Type domain.Seller is not enhanced.

[2026-05-02 19:43:57 #3 type] 
Type domain.Sale is not enhanced.

[2026-05-02 19:43:57 #4 type] 
Type domain.CounterOffer is not enhanced.

[2026-05-02 19:43:57 #5 type] 
Type domain.Buyer is not enhanced.

[2026-05-02 19:43:57 #6 type] 
Type domain.Review is not enhanced.

[2026-05-02 19:43:57 #7 type] 
Type domain.Report is not enhanced.

[2026-05-02 19:43:57 #8 type] 
Type domain.Shipment is not enhanced.

