------------------------------------------------------------------------------------------------------------------------

[2026-03-30 10:44:44 #1 store] 
Database '/Users/danielvinagresaenz/git/market26/Market26/products.temp' is opened by 13014@MacBook-Pro-de-Daniel.local

[2026-03-30 10:44:53 #2 type.registry] 
New type domain.Seller

[2026-03-30 10:44:53 #3 type] 
Type domain.Seller is not enhanced.

[2026-03-30 10:44:53 #4 type.registry] 
New type domain.Sale

[2026-03-30 10:44:53 #5 type] 
Type domain.Sale is not enhanced.

[2026-03-30 10:44:53 #6 type.registry] 
New type domain.CounterOffer

[2026-03-30 10:44:53 #7 type.registry] 
New type domain.Buyer

[2026-03-30 10:44:53 #8 type] 
Type domain.CounterOffer is not enhanced.

[2026-03-30 10:44:53 #9 type] 
Type domain.Buyer is not enhanced.

[2026-03-30 10:45:23 #10 type.registry] 
New type java.util.ArrayList<java.lang.Object>

[2026-03-30 10:45:23 #11 type.registry] 
New type java.util.ArrayList<domain.Sale>

------------------------------------------------------------------------------------------------------------------------

[2026-03-30 17:41:21 #1 store] 
Database '/Users/danielvinagresaenz/git/market26/Market26/products.temp' has been recovered (tr. 1-6)

[2026-03-30 17:41:26 #2 store] 
Database '/Users/danielvinagresaenz/git/market26/Market26/products.temp' is opened by 792@MacBook-Pro-de-Daniel.local

[2026-03-30 17:41:26 #3 type] 
Type domain.Seller is not enhanced.

[2026-03-30 17:41:26 #4 type] 
Type domain.Sale is not enhanced.

[2026-03-30 17:41:26 #5 type] 
Type domain.CounterOffer is not enhanced.

[2026-03-30 17:41:26 #6 type] 
Type domain.Buyer is not enhanced.

------------------------------------------------------------------------------------------------------------------------

[2026-03-30 17:50:24 #1 store] 
Database '/Users/danielvinagresaenz/git/market26/Market26/products.temp' is opened by 875@MacBook-Pro-de-Daniel.local

[2026-03-30 17:50:24 #2 type] 
Type domain.Seller is not enhanced.

[2026-03-30 17:50:24 #3 type] 
Type domain.Sale is not enhanced.

[2026-03-30 17:50:24 #4 type] 
Type domain.CounterOffer is not enhanced.

[2026-03-30 17:50:24 #5 type] 
Type domain.Buyer is not enhanced.

