------------------------------------------------------------------------------------------------------------------------

[2026-05-03 18:34:55 #1 store] 
Database '/Users/danielvinagresaenz/git/market26/Market26/products.temp' has been recovered (tr. 68-71)

[2026-05-03 18:35:00 #2 store] 
Database '/Users/danielvinagresaenz/git/market26/Market26/products.temp' is opened by 6195@MacBook-Pro-de-Daniel.local

[2026-05-03 18:35:01 #3 type] 
Type domain.Seller is not enhanced.

[2026-05-03 18:35:01 #4 type] 
Type domain.Sale is not enhanced.

[2026-05-03 18:35:01 #5 type] 
Type domain.CounterOffer is not enhanced.

[2026-05-03 18:35:01 #6 type] 
Type domain.Buyer is not enhanced.

[2026-05-03 18:35:01 #7 type] 
Type domain.Review is not enhanced.

[2026-05-03 18:35:01 #8 type] 
Type domain.Report is not enhanced.

[2026-05-03 18:35:01 #9 type] 
Type domain.Shipment is not enhanced.

------------------------------------------------------------------------------------------------------------------------

[2026-05-03 19:16:54 #1 store] 
Database '/Users/danielvinagresaenz/git/market26/Market26/products.temp' has been recovered (tr. 72-73)

[2026-05-03 19:16:59 #2 store] 
Database '/Users/danielvinagresaenz/git/market26/Market26/products.temp' is opened by 6769@MacBook-Pro-de-Daniel.local

[2026-05-03 19:17:00 #3 type] 
Type domain.Seller is not enhanced.

[2026-05-03 19:17:00 #4 type] 
Type domain.Sale is not enhanced.

[2026-05-03 19:17:00 #5 type] 
Type domain.CounterOffer is not enhanced.

[2026-05-03 19:17:00 #6 type] 
Type domain.Buyer is not enhanced.

[2026-05-03 19:17:00 #7 type] 
Type domain.Review is not enhanced.

[2026-05-03 19:17:00 #8 type] 
Type domain.Report is not enhanced.

[2026-05-03 19:17:00 #9 type] 
Type domain.Shipment is not enhanced.

------------------------------------------------------------------------------------------------------------------------

[2026-05-03 19:43:23 #1 store] 
Database '/Users/danielvinagresaenz/git/market26/Market26/products.temp' has been recovered (tr. 74-79)

[2026-05-03 19:43:28 #2 store] 
Database '/Users/danielvinagresaenz/git/market26/Market26/products.temp' is opened by 7162@MacBook-Pro-de-Daniel.local

[2026-05-03 19:43:29 #3 type] 
Type domain.Seller is not enhanced.

[2026-05-03 19:43:29 #4 type] 
Type domain.Sale is not enhanced.

[2026-05-03 19:43:29 #5 type] 
Type domain.CounterOffer is not enhanced.

[2026-05-03 19:43:29 #6 type] 
Type domain.Buyer is not enhanced.

[2026-05-03 19:43:29 #7 type] 
Type domain.Review is not enhanced.

[2026-05-03 19:43:29 #8 type] 
Type domain.Report is not enhanced.

[2026-05-03 19:43:29 #9 type] 
Type domain.Shipment is not enhanced.

------------------------------------------------------------------------------------------------------------------------

[2026-05-03 19:54:56 #1 store] 
Database '/Users/danielvinagresaenz/git/market26/Market26/products.temp' has been recovered (tr. 80-81)

[2026-05-03 19:55:01 #2 store] 
Database '/Users/danielvinagresaenz/git/market26/Market26/products.temp' is opened by 7373@MacBook-Pro-de-Daniel.local

[2026-05-03 19:55:01 #3 type] 
Type domain.Seller is not enhanced.

[2026-05-03 19:55:01 #4 type] 
Type domain.Sale is not enhanced.

[2026-05-03 19:55:01 #5 type] 
Type domain.CounterOffer is not enhanced.

[2026-05-03 19:55:01 #6 type] 
Type domain.Buyer is not enhanced.

[2026-05-03 19:55:01 #7 type] 
Type domain.Review is not enhanced.

[2026-05-03 19:55:01 #8 type] 
Type domain.Report is not enhanced.

[2026-05-03 19:55:01 #9 type] 
Type domain.Shipment is not enhanced.

